<?xml version="1.0" encoding="UTF-8"?>
<!-- Generated by org.testng.reporters.JUnitReportReporter -->
<testsuite hostname="DESKTOP-CMRER5T" failures="0" tests="4" name="tests.AddProductToShoppingCartTest" time="10.557" errors="0" timestamp="2023-09-09T21:08:50 EET" skipped="0">
  <testcase classname="tests.AddProductToShoppingCartTest" name="UserCanSearchAuto1" time="4.591"/>
  <testcase classname="tests.AddProductToShoppingCartTest" name="UserCanAddToCart" time="2.450"/>
  <testcase classname="tests.AddProductToShoppingCartTest" name="UserCanEditOfQuantityOfProduct" time="2.059"/>
  <testcase classname="tests.AddProductToShoppingCartTest" name="UserCanRemoveProduct" time="1.457"/>
</testsuite> <!-- tests.AddProductToShoppingCartTest -->
