<?xml version="1.0" encoding="UTF-8"?>
<!-- Generated by org.testng.reporters.JUnitReportReporter -->
<testsuite hostname="DESKTOP-CMRER5T" failures="0" tests="5" name="tests.EmailFrinedTest" time="24.666" errors="0" timestamp="2023-09-09T21:08:50 EET" skipped="0">
  <testcase classname="tests.EmailFrinedTest" name="UserCanRegisterSucess" time="5.750"/>
  <testcase classname="tests.EmailFrinedTest" name="UserCanSearchAuto" time="9.545"/>
  <testcase classname="tests.EmailFrinedTest" name="RestierUserCanlogin" time="5.103"/>
  <testcase classname="tests.EmailFrinedTest" name="RegisterUserCanSendProductToFirend" time="2.874"/>
  <testcase classname="tests.EmailFrinedTest" name="RegisterUserCanLogout" time="1.394"/>
</testsuite> <!-- tests.EmailFrinedTest -->
