<?xml version="1.0" encoding="UTF-8"?>
<!-- Generated by org.testng.reporters.JUnitReportReporter -->
<testsuite hostname="DESKTOP-CMRER5T" failures="0" tests="3" name="tests.UserRegistrationTest" time="17.798" errors="0" timestamp="2023-09-09T09:18:33 EET" skipped="0">
  <testcase classname="tests.UserRegistrationTest" name="RestierUserCanlogin" time="2.800"/>
  <system-out/>
  <testcase classname="tests.UserRegistrationTest" name="RegisterUserCanLogout" time="1.011"/>
  <system-out/>
  <testcase classname="tests.UserRegistrationTest" name="UserCanRegisterSucess" time="13.987"/>
  <system-out/>
</testsuite> <!-- tests.UserRegistrationTest -->
