<?xml version="1.0" encoding="UTF-8"?>
<!-- Generated by org.testng.reporters.JUnitReportReporter -->
<testsuite hostname="DESKTOP-CMRER5T" failures="0" tests="3" name="tests.UserRegistrationTest_UsingFakerlibrary" time="23.356" errors="0" timestamp="2023-09-09T21:08:50 EET" skipped="0">
  <testcase classname="tests.UserRegistrationTest_UsingFakerlibrary" name="RestierUserCanlogin" time="7.020"/>
  <testcase classname="tests.UserRegistrationTest_UsingFakerlibrary" name="RegisterUserCanLogout" time="1.602"/>
  <testcase classname="tests.UserRegistrationTest_UsingFakerlibrary" name="UserCanRegisterSucess" time="14.734"/>
</testsuite> <!-- tests.UserRegistrationTest_UsingFakerlibrary -->
