<?xml version="1.0" encoding="UTF-8"?>
<!-- Generated by org.testng.reporters.JUnitReportReporter -->
<testsuite hostname="DESKTOP-CMRER5T" failures="0" tests="1" name="tests.ContactUsPageTest" time="6.906" errors="0" timestamp="2023-09-09T21:08:50 EET" skipped="0">
  <testcase classname="tests.ContactUsPageTest" name="UserCanUseContactUs" time="6.906"/>
</testsuite> <!-- tests.ContactUsPageTest -->
