<?xml version="1.0" encoding="UTF-8"?>
<!-- Generated by org.testng.reporters.JUnitReportReporter -->
<testsuite hostname="DESKTOP-CMRER5T" failures="0" tests="3" name="tests.AddProductToWishListTest" time="9.882" errors="0" timestamp="2023-09-09T21:08:50 EET" skipped="0">
  <testcase classname="tests.AddProductToWishListTest" name="UserCanSearchAuto" time="4.804"/>
  <testcase classname="tests.AddProductToWishListTest" name="UserCanAddProductToWishlist" time="4.001"/>
  <testcase classname="tests.AddProductToWishListTest" name="UserCanRemoveProductFromWishlist" time="1.077"/>
</testsuite> <!-- tests.AddProductToWishListTest -->
