<?xml version="1.0" encoding="UTF-8"?>
<!-- Generated by org.testng.reporters.JUnitReportReporter -->
<testsuite hostname="DESKTOP-CMRER5T" failures="0" tests="8" name="tests.RegisteredUseCheckoutProductTest" time="42.173" errors="0" timestamp="2023-09-09T21:08:50 EET" skipped="0">
  <testcase classname="tests.RegisteredUseCheckoutProductTest" name="RestierUserCanlogin" time="4.651"/>
  <testcase classname="tests.RegisteredUseCheckoutProductTest" name="UserCanRegisterSucess" time="6.547"/>
  <testcase classname="tests.RegisteredUseCheckoutProductTest" name="UserCanSearchAuto" time="4.356"/>
  <testcase classname="tests.RegisteredUseCheckoutProductTest" name="UserCanAddToCart" time="3.065"/>
  <testcase classname="tests.RegisteredUseCheckoutProductTest" name="UserClickCheckout" time="3.360"/>
  <testcase classname="tests.RegisteredUseCheckoutProductTest" name="UserCanCheckout" time="10.568"/>
  <testcase classname="tests.RegisteredUseCheckoutProductTest" name="UserCanConfirmedOrder" time="5.821"/>
  <testcase classname="tests.RegisteredUseCheckoutProductTest" name="RegisterUserCanLogout" time="3.805"/>
</testsuite> <!-- tests.RegisteredUseCheckoutProductTest -->
