<?xml version="1.0" encoding="UTF-8"?>
<!-- Generated by org.testng.reporters.JUnitReportReporter -->
<testsuite hostname="DESKTOP-CMRER5T" failures="0" tests="5" name="tests.AddReviewTest" time="19.558" errors="0" timestamp="2023-09-09T21:08:50 EET" skipped="0">
  <testcase classname="tests.AddReviewTest" name="UserCanRegisterSucess" time="5.234"/>
  <testcase classname="tests.AddReviewTest" name="UserCanSearchAuto" time="4.444"/>
  <testcase classname="tests.AddReviewTest" name="RestierUserCanlogin" time="2.994"/>
  <testcase classname="tests.AddReviewTest" name="UserCanAddReview" time="5.137"/>
  <testcase classname="tests.AddReviewTest" name="RegisterUserCanLogout" time="1.749"/>
</testsuite> <!-- tests.AddReviewTest -->
