<?xml version="1.0" encoding="UTF-8"?>
<!-- Generated by org.testng.reporters.JUnitReportReporter -->
<testsuite hostname="DESKTOP-CMRER5T" failures="0" tests="5" name="tests.GuestCheckoutFromCartTest" time="40.376" errors="0" timestamp="2023-09-09T21:08:50 EET" skipped="0">
  <testcase classname="tests.GuestCheckoutFromCartTest" name="UserCanSearchAuto" time="11.081"/>
  <testcase classname="tests.GuestCheckoutFromCartTest" name="UserCanAddToCart" time="6.503"/>
  <testcase classname="tests.GuestCheckoutFromCartTest" name="UserClickCheckout" time="3.328"/>
  <testcase classname="tests.GuestCheckoutFromCartTest" name="UserCanCheckout" time="10.699"/>
  <testcase classname="tests.GuestCheckoutFromCartTest" name="UserCanConfirmedOrder" time="8.765"/>
</testsuite> <!-- tests.GuestCheckoutFromCartTest -->
