<?xml version="1.0" encoding="UTF-8"?>
<!-- Generated by org.testng.reporters.JUnitReportReporter -->
<testsuite hostname="DESKTOP-CMRER5T" failures="0" tests="2" name="tests.ChangeCurrencyTest" time="6.891" errors="0" timestamp="2023-09-09T21:08:50 EET" skipped="0">
  <testcase classname="tests.ChangeCurrencyTest" name="UserCanChangeCurrency" time="2.175"/>
  <testcase classname="tests.ChangeCurrencyTest" name="UserCanSearchAuto" time="4.716"/>
</testsuite> <!-- tests.ChangeCurrencyTest -->
