<?xml version="1.0" encoding="UTF-8"?>
<!-- Generated by org.testng.reporters.JUnitReportReporter -->
<testsuite hostname="DESKTOP-CMRER5T" failures="0" tests="4" name="tests.MyAccountTest" time="22.687" errors="0" timestamp="2023-09-09T21:08:50 EET" skipped="0">
  <testcase classname="tests.MyAccountTest" name="UserCanChangePasswored" time="8.130"/>
  <testcase classname="tests.MyAccountTest" name="RestierUserCanlogin" time="4.596"/>
  <testcase classname="tests.MyAccountTest" name="RegisterUserCanLogout" time="2.968"/>
  <testcase classname="tests.MyAccountTest" name="UserCanRegisterSucess" time="6.993"/>
</testsuite> <!-- tests.MyAccountTest -->
