<?xml version="1.0" encoding="UTF-8"?>
<!-- Generated by org.testng.reporters.JUnitReportReporter -->
<testsuite hostname="DESKTOP-CMRER5T" failures="0" tests="5" name="tests.AddProductToCompareTest" time="34.863" errors="0" timestamp="2023-09-09T21:08:50 EET" skipped="0">
  <testcase classname="tests.AddProductToCompareTest" name="UserCanSearchAuto1" time="4.560"/>
  <testcase classname="tests.AddProductToCompareTest" name="UserCanSearchAuto2" time="6.506"/>
  <testcase classname="tests.AddProductToCompareTest" name="UserCanAddToCompare1" time="2.097"/>
  <testcase classname="tests.AddProductToCompareTest" name="UserCanAddToCompare2" time="0.268"/>
  <testcase classname="tests.AddProductToCompareTest" name="UserCanCompareProducts" time="21.432"/>
</testsuite> <!-- tests.AddProductToCompareTest -->
