<?xml version="1.0" encoding="UTF-8"?>
<!-- Generated by org.testng.reporters.JUnitReportReporter -->
<testsuite hostname="DESKTOP-CMRER5T" failures="0" tests="1" name="tests.UserRegistrationTest" time="8.956" errors="0" timestamp="2023-09-02T09:46:53 EET" skipped="0">
  <testcase classname="tests.UserRegistrationTest" name="UserCanRegisterSucess" time="8.956"/>
  <system-out/>
</testsuite> <!-- tests.UserRegistrationTest -->
